{"D:\\workspace\\NodeJS\\sunrise\\sample.js":{"path":"D:\\workspace\\NodeJS\\sunrise\\sample.js","s":{"1":1,"2":2,"3":1,"4":2},"b":{"1":[1,1]},"f":{"1":2},"fnMap":{"1":{"name":"(anonymous_1)","line":2,"loc":{"start":{"line":2,"column":17},"end":{"line":2,"column":30}}}},"statementMap":{"1":{"start":{"line":2,"column":0},"end":{"line":7,"column":1}},"2":{"start":{"line":3,"column":0},"end":{"line":5,"column":1}},"3":{"start":{"line":4,"column":4},"end":{"line":4,"column":22}},"4":{"start":{"line":6,"column":4},"end":{"line":6,"column":15}}},"branchMap":{"1":{"line":3,"type":"if","locations":[{"start":{"line":3,"column":0},"end":{"line":3,"column":0}},{"start":{"line":3,"column":0},"end":{"line":3,"column":0}}]}}}}